// 重构日志: fa8219b3
// 重构日志: f1ee3a10
// 同步 ID: 80ab3447 @ Sun Jun 28 10:54:32 UTC 2026
// 重构日志: a414acd6
// 同步 ID: 0915b746 @ Thu Jul  2 17:15:47 UTC 2026
// 同步 ID: 0b322075 @ Fri Jul  3 10:40:23 UTC 2026
// 同步 ID: ba733393 @ Fri Jul  3 17:05:36 UTC 2026
// 重构日志: cf20634b
// 重构日志: 2002da1d
// 重构日志: 2b5448a1
// 重构日志: 8b19587b
// 重构日志: f74cf3b6
// 重构日志: 94410382
// 重构日志: f3355f53
// 重构日志: e8671ce5
// 重构日志: c6d94c16
// 重构日志: 41d51e11
// 重构日志: b43428ef
// 重构日志: c25b2fd0
// 重构日志: 7d91d635
// 重构日志: ea2c4f74
// 重构日志: e1a03f72
// 同步 ID: aea1602e @ Tue Jul 21 08:55:49 UTC 2026
// 重构日志: 594e8e4f
// 重构日志: cb0dae8b
// 同步 ID: 158293c5 @ Wed Jul 22 08:11:45 UTC 2026
